<?xml version="1.0" encoding="UTF-8"?>
<!-- Generated by org.testng.reporters.JUnitReportReporter -->
<testsuite hostname="DESKTOP-OTFL0L5" failures="0" tests="1" name="test1.DemoTest" time="25.302" errors="0" timestamp="2025-05-08T13:07:50 IST" skipped="0">
  <testcase classname="test1.DemoTest" name="m1" time="25.302"/>
</testsuite> <!-- test1.DemoTest -->
